<?xml version="1.0" encoding="UTF-8"?>
<!-- Generated by org.testng.reporters.JUnitXMLReporter -->
<testsuite hostname="DESKTOP-GPITC13" name="Chrome Testing" tests="3" failures="0" timestamp="16 Jan 2023 03:35:14 GMT" time="8.469" errors="0">
  <testcase name="verifyabout" time="0.645" classname="testNGvvsdemo.testNGvvsdemo.Testcases1"/>
  <testcase name="verifysupport" time="0.328" classname="testNGvvsdemo.testNGvvsdemo.Testcases1"/>
  <testcase name="verifydocumentation" time="1.067" classname="testNGvvsdemo.testNGvvsdemo.Testcases1"/>
</testsuite> <!-- Chrome Testing -->
