<?xml version="1.0" encoding="UTF-8"?>
<!-- Generated by org.testng.reporters.JUnitXMLReporter -->
<testsuite hostname="DESKTOP-GPITC13" name="Demo Testing" tests="3" failures="0" timestamp="15 Jan 2023 16:51:42 GMT" time="16.555" errors="0">
  <testcase name="verifyabout" time="1.846" classname="testNGvvsdemo.testNGvvsdemo.Testcases1"/>
  <testcase name="verifysupport" time="1.389" classname="testNGvvsdemo.testNGvvsdemo.Testcases1"/>
  <testcase name="verifydocumentation" time="1.023" classname="testNGvvsdemo.testNGvvsdemo.Testcases1"/>
</testsuite> <!-- Demo Testing -->
