<?xml version="1.0" encoding="UTF-8"?>
<!-- Generated by org.testng.reporters.JUnitXMLReporter -->
<testsuite hostname="DESKTOP-GPITC13" name="Edge Testing" tests="3" failures="0" timestamp="16 Jan 2023 03:41:00 GMT" time="20.245" errors="0">
  <testcase name="verifyabout" time="3.345" classname="testNGvvsdemo.testNGvvsdemo.Testcases1"/>
  <testcase name="verifysupport" time="2.076" classname="testNGvvsdemo.testNGvvsdemo.Testcases1"/>
  <testcase name="verifydocumentation" time="1.852" classname="testNGvvsdemo.testNGvvsdemo.Testcases1"/>
</testsuite> <!-- Edge Testing -->
