<?xml version="1.0" encoding="UTF-8"?>
<!-- Generated by org.testng.reporters.JUnitXMLReporter -->
<testsuite hostname="DESKTOP-GPITC13" name="Firefox Testing" tests="3" failures="0" timestamp="16 Jan 2023 03:35:06 GMT" time="32.67" errors="0">
  <testcase name="verifyabout" time="3.213" classname="testNGvvsdemo.testNGvvsdemo.Testcases1"/>
  <testcase name="verifysupport" time="1.76" classname="testNGvvsdemo.testNGvvsdemo.Testcases1"/>
  <testcase name="verifydocumentation" time="3.631" classname="testNGvvsdemo.testNGvvsdemo.Testcases1"/>
</testsuite> <!-- Firefox Testing -->
