<?xml version="1.0" encoding="UTF-8"?>
<testng-results skipped="0" failed="0" total="1" passed="1">
  <reporter-output>
  </reporter-output>
  <suite name="Default suite" duration-ms="143" started-at="2023-01-21T01:55:04Z" finished-at="2023-01-21T01:55:04Z">
    <groups>
    </groups>
    <test name="Default test" duration-ms="143" started-at="2023-01-21T01:55:04Z" finished-at="2023-01-21T01:55:04Z">
      <class name="DemoTestNG.Sample">
        <test-method status="PASS" signature="Test()[pri:0, instance:DemoTestNG.Sample@1c53fd30]" name="Test" duration-ms="76" started-at="2023-01-21T07:25:04Z" finished-at="2023-01-21T07:25:04Z">
          <reporter-output>
          </reporter-output>
        </test-method> <!-- Test -->
      </class> <!-- DemoTestNG.Sample -->
    </test> <!-- Default test -->
  </suite> <!-- Default suite -->
</testng-results>
