<?xml version="1.0" encoding="UTF-8"?>
<!-- Generated by org.testng.reporters.JUnitXMLReporter -->
<testsuite hostname="DESKTOP-GPITC13" name="Test Parellel" tests="3" failures="0" timestamp="17 Jan 2023 03:10:03 GMT" time="0.035" errors="0">
  <testcase name="test2" time="0.014" classname="Paralleltest.Parelleldemo"/>
  <testcase name="test1" time="0.016" classname="Paralleltest.Parelleldemo"/>
  <testcase name="test3" time="0.001" classname="Paralleltest.Parelleldemo"/>
</testsuite> <!-- Test Parellel -->
